[     185ms] [ERROR] Failed to load resource: the server responded with a status of 404 () @ https://localhost:7003/css/site.css:0
[     186ms] [ERROR] Failed to load resource: the server responded with a status of 404 () @ https://localhost:7003/css/admin.css:0
[     211ms] [ERROR] Failed to load resource: the server responded with a status of 404 () @ https://localhost:7003/js/site.js:0
[     211ms] [ERROR] Failed to load resource: the server responded with a status of 404 () @ https://localhost:7003/js/admin.js:0
[   19456ms] [ERROR] Failed to load resource: the server responded with a status of 404 () @ https://localhost:7003/js/site.js:0
[   19458ms] [ERROR] Failed to load resource: the server responded with a status of 404 () @ https://localhost:7003/css/admin.css:0
[   19458ms] [ERROR] Failed to load resource: the server responded with a status of 404 () @ https://localhost:7003/css/site.css:0
[   19458ms] [ERROR] Failed to load resource: the server responded with a status of 404 () @ https://localhost:7003/js/admin.js:0
[   22520ms] [ERROR] Failed to load resource: the server responded with a status of 404 () @ https://localhost:7003/js/admin.js:0
[   22521ms] [ERROR] Failed to load resource: the server responded with a status of 404 () @ https://localhost:7003/js/site.js:0
[   22546ms] [ERROR] Failed to load resource: the server responded with a status of 404 () @ https://localhost:7003/css/admin.css:0
[   22546ms] [ERROR] Failed to load resource: the server responded with a status of 404 () @ https://localhost:7003/css/site.css:0
[   24457ms] [ERROR] Failed to load resource: the server responded with a status of 404 () @ https://localhost:7003/css/site.css:0
[   24457ms] [ERROR] Failed to load resource: the server responded with a status of 404 () @ https://localhost:7003/css/admin.css:0
[   24463ms] [ERROR] Failed to load resource: the server responded with a status of 404 () @ https://localhost:7003/js/admin.js:0
[   24463ms] [ERROR] Failed to load resource: the server responded with a status of 404 () @ https://localhost:7003/js/site.js:0
[   27485ms] [ERROR] Failed to load resource: the server responded with a status of 404 () @ https://localhost:7003/css/admin.css:0
[   27521ms] [ERROR] Failed to load resource: the server responded with a status of 404 () @ https://localhost:7003/css/site.css:0
[   27525ms] [ERROR] Failed to load resource: the server responded with a status of 404 () @ https://localhost:7003/js/admin.js:0
[   27526ms] [ERROR] Failed to load resource: the server responded with a status of 404 () @ https://localhost:7003/js/site.js:0
